{"/Users/aniketsarkar90/Aniket's Documents/Learning/Projects/Github/simple-vue-ut/src/components/AppHeader.vue": {"path":"/Users/aniketsarkar90/Aniket's Documents/Learning/Projects/Github/simple-vue-ut/src/components/AppHeader.vue","statementMap":{"0":{"start":{"line":17,"column":0},"end":{"line":17,"column":null}},"1":{"start":{"line":26,"column":0},"end":{"line":30,"column":null}},"2":{"start":{"line":27,"column":0},"end":{"line":27,"column":null}},"3":{"start":{"line":29,"column":0},"end":{"line":29,"column":null}},"4":{"start":{"line":33,"column":0},"end":{"line":33,"column":null}},"5":{"start":{"line":34,"column":0},"end":{"line":34,"column":null}},"6":{"start":{"line":35,"column":0},"end":{"line":35,"column":null}}},"fnMap":{"0":{"name":"(anonymous_1)","decl":{"start":{"line":16,"column":0},"end":{"line":16,"column":null}},"loc":{"start":{"line":16,"column":0},"end":{"line":23,"column":null}}},"1":{"name":"(anonymous_2)","decl":{"start":{"line":25,"column":0},"end":{"line":25,"column":null}},"loc":{"start":{"line":25,"column":0},"end":{"line":31,"column":null}}},"2":{"name":"(anonymous_3)","decl":{"start":{"line":32,"column":0},"end":{"line":32,"column":null}},"loc":{"start":{"line":32,"column":0},"end":{"line":36,"column":null}}}},"branchMap":{"0":{"loc":{"start":{"line":26,"column":0},"end":{"line":30,"column":null}},"type":"if","locations":[{"start":{"line":26,"column":0},"end":{"line":30,"column":null}},{"start":{"line":26,"column":0},"end":{"line":30,"column":null}}]}},"s":{"0":1,"1":2,"2":1,"3":1,"4":1,"5":1,"6":1},"f":{"0":1,"1":2,"2":1},"b":{"0":[1,1]}}
}
